Updating system with the options from the configuration file
Maximum wallclock time: 1:00:00

Wed Sep  6 10:31:49 2023
Iteration 1 (50 requested)
Beginning iteration 1
50 segments remain in iteration 1 (50 total)
1 of 1 (100.000000%) active bins are populated
per-bin minimum non-zero probability:       1
per-bin maximum probability:                1
per-bin probability dynamic range (kT):     0
per-segment minimum non-zero probability:   0.02
per-segment maximum non-zero probability:   0.02
per-segment probability dynamic range (kT): 0
norm = 1, error in norm = 0 (0*epsilon)
Waiting for segments to complete...
Iteration completed successfully
Iteration wallclock: 0:00:00.058269, cputime: 0:00:00


Wed Sep  6 10:31:49 2023
Iteration 2 (50 requested)
Beginning iteration 2
50 segments remain in iteration 2 (50 total)
1 of 1 (100.000000%) active bins are populated
per-bin minimum non-zero probability:       1
per-bin maximum probability:                1
per-bin probability dynamic range (kT):     0
per-segment minimum non-zero probability:   0.02
per-segment maximum non-zero probability:   0.02
per-segment probability dynamic range (kT): 0
norm = 1, error in norm = 0 (0*epsilon)
Waiting for segments to complete...
Iteration completed successfully
Iteration wallclock: 0:00:00.049298, cputime: 0:00:00


Wed Sep  6 10:31:49 2023
Iteration 3 (50 requested)
Beginning iteration 3
50 segments remain in iteration 3 (50 total)
1 of 1 (100.000000%) active bins are populated
per-bin minimum non-zero probability:       1
per-bin maximum probability:                1
per-bin probability dynamic range (kT):     0
per-segment minimum non-zero probability:   0.02
per-segment maximum non-zero probability:   0.02
per-segment probability dynamic range (kT): 0
norm = 1, error in norm = 0 (0*epsilon)
Waiting for segments to complete...
Iteration completed successfully
Iteration wallclock: 0:00:00.049292, cputime: 0:00:00


Wed Sep  6 10:31:49 2023
Iteration 4 (50 requested)
Beginning iteration 4
50 segments remain in iteration 4 (50 total)
1 of 1 (100.000000%) active bins are populated
per-bin minimum non-zero probability:       1
per-bin maximum probability:                1
per-bin probability dynamic range (kT):     0
per-segment minimum non-zero probability:   0.02
per-segment maximum non-zero probability:   0.02
per-segment probability dynamic range (kT): 0
norm = 1, error in norm = 0 (0*epsilon)
Waiting for segments to complete...
Iteration completed successfully
Iteration wallclock: 0:00:00.048158, cputime: 0:00:00


Wed Sep  6 10:31:49 2023
Iteration 5 (50 requested)
Beginning iteration 5
50 segments remain in iteration 5 (50 total)
1 of 1 (100.000000%) active bins are populated
per-bin minimum non-zero probability:       1
per-bin maximum probability:                1
per-bin probability dynamic range (kT):     0
per-segment minimum non-zero probability:   0.02
per-segment maximum non-zero probability:   0.02
per-segment probability dynamic range (kT): 0
norm = 1, error in norm = 0 (0*epsilon)
Waiting for segments to complete...
Iteration completed successfully
Iteration wallclock: 0:00:00.048022, cputime: 0:00:00


Wed Sep  6 10:31:49 2023
Iteration 6 (50 requested)
Beginning iteration 6
50 segments remain in iteration 6 (50 total)
1 of 1 (100.000000%) active bins are populated
per-bin minimum non-zero probability:       1
per-bin maximum probability:                1
per-bin probability dynamic range (kT):     0
per-segment minimum non-zero probability:   0.02
per-segment maximum non-zero probability:   0.02
per-segment probability dynamic range (kT): 0
norm = 1, error in norm = 0 (0*epsilon)
Waiting for segments to complete...
Iteration completed successfully
Iteration wallclock: 0:00:00.047948, cputime: 0:00:00


Wed Sep  6 10:31:49 2023
Iteration 7 (50 requested)
Beginning iteration 7
50 segments remain in iteration 7 (50 total)
1 of 1 (100.000000%) active bins are populated
per-bin minimum non-zero probability:       1
per-bin maximum probability:                1
per-bin probability dynamic range (kT):     0
per-segment minimum non-zero probability:   0.02
per-segment maximum non-zero probability:   0.02
per-segment probability dynamic range (kT): 0
norm = 1, error in norm = 0 (0*epsilon)
Waiting for segments to complete...
Iteration completed successfully
Iteration wallclock: 0:00:00.047894, cputime: 0:00:00


Wed Sep  6 10:31:49 2023
Iteration 8 (50 requested)
Beginning iteration 8
50 segments remain in iteration 8 (50 total)
1 of 1 (100.000000%) active bins are populated
per-bin minimum non-zero probability:       1
per-bin maximum probability:                1
per-bin probability dynamic range (kT):     0
per-segment minimum non-zero probability:   0.02
per-segment maximum non-zero probability:   0.02
per-segment probability dynamic range (kT): 0
norm = 1, error in norm = 0 (0*epsilon)
Waiting for segments to complete...
Iteration completed successfully
Iteration wallclock: 0:00:00.047878, cputime: 0:00:00


Wed Sep  6 10:31:49 2023
Iteration 9 (50 requested)
Beginning iteration 9
50 segments remain in iteration 9 (50 total)
1 of 1 (100.000000%) active bins are populated
per-bin minimum non-zero probability:       1
per-bin maximum probability:                1
per-bin probability dynamic range (kT):     0
per-segment minimum non-zero probability:   0.02
per-segment maximum non-zero probability:   0.02
per-segment probability dynamic range (kT): 0
norm = 1, error in norm = 0 (0*epsilon)
Waiting for segments to complete...
Iteration completed successfully
Iteration wallclock: 0:00:00.048190, cputime: 0:00:00


Wed Sep  6 10:31:49 2023
Iteration 10 (50 requested)
Beginning iteration 10
50 segments remain in iteration 10 (50 total)
1 of 1 (100.000000%) active bins are populated
per-bin minimum non-zero probability:       1
per-bin maximum probability:                1
per-bin probability dynamic range (kT):     0
per-segment minimum non-zero probability:   0.02
per-segment maximum non-zero probability:   0.02
per-segment probability dynamic range (kT): 0
norm = 1, error in norm = 0 (0*epsilon)
Waiting for segments to complete...
Iteration completed successfully
Iteration wallclock: 0:00:00.047784, cputime: 0:00:00


Wed Sep  6 10:31:49 2023
Iteration 11 (50 requested)
Beginning iteration 11
50 segments remain in iteration 11 (50 total)
1 of 1 (100.000000%) active bins are populated
per-bin minimum non-zero probability:       1
per-bin maximum probability:                1
per-bin probability dynamic range (kT):     0
per-segment minimum non-zero probability:   0.02
per-segment maximum non-zero probability:   0.02
per-segment probability dynamic range (kT): 0
norm = 1, error in norm = 0 (0*epsilon)
Waiting for segments to complete...
Iteration completed successfully
Iteration wallclock: 0:00:00.047825, cputime: 0:00:00


Wed Sep  6 10:31:49 2023
Iteration 12 (50 requested)
Beginning iteration 12
50 segments remain in iteration 12 (50 total)
1 of 1 (100.000000%) active bins are populated
per-bin minimum non-zero probability:       1
per-bin maximum probability:                1
per-bin probability dynamic range (kT):     0
per-segment minimum non-zero probability:   0.02
per-segment maximum non-zero probability:   0.02
per-segment probability dynamic range (kT): 0
norm = 1, error in norm = 0 (0*epsilon)
Waiting for segments to complete...
Iteration completed successfully
Iteration wallclock: 0:00:00.047903, cputime: 0:00:00


Wed Sep  6 10:31:49 2023
Iteration 13 (50 requested)
Beginning iteration 13
50 segments remain in iteration 13 (50 total)
1 of 1 (100.000000%) active bins are populated
per-bin minimum non-zero probability:       1
per-bin maximum probability:                1
per-bin probability dynamic range (kT):     0
per-segment minimum non-zero probability:   0.02
per-segment maximum non-zero probability:   0.02
per-segment probability dynamic range (kT): 0
norm = 1, error in norm = 0 (0*epsilon)
Waiting for segments to complete...
Iteration completed successfully
Iteration wallclock: 0:00:00.047928, cputime: 0:00:00


Wed Sep  6 10:31:49 2023
Iteration 14 (50 requested)
Beginning iteration 14
50 segments remain in iteration 14 (50 total)
1 of 1 (100.000000%) active bins are populated
per-bin minimum non-zero probability:       1
per-bin maximum probability:                1
per-bin probability dynamic range (kT):     0
per-segment minimum non-zero probability:   0.02
per-segment maximum non-zero probability:   0.02
per-segment probability dynamic range (kT): 0
norm = 1, error in norm = 0 (0*epsilon)
Waiting for segments to complete...
Iteration completed successfully
Iteration wallclock: 0:00:00.047845, cputime: 0:00:00


Wed Sep  6 10:31:49 2023
Iteration 15 (50 requested)
Beginning iteration 15
50 segments remain in iteration 15 (50 total)
1 of 1 (100.000000%) active bins are populated
per-bin minimum non-zero probability:       1
per-bin maximum probability:                1
per-bin probability dynamic range (kT):     0
per-segment minimum non-zero probability:   0.02
per-segment maximum non-zero probability:   0.02
per-segment probability dynamic range (kT): 0
norm = 1, error in norm = 0 (0*epsilon)
Waiting for segments to complete...
Iteration completed successfully
Iteration wallclock: 0:00:00.047893, cputime: 0:00:00


Wed Sep  6 10:31:49 2023
Iteration 16 (50 requested)
Beginning iteration 16
50 segments remain in iteration 16 (50 total)
1 of 1 (100.000000%) active bins are populated
per-bin minimum non-zero probability:       1
per-bin maximum probability:                1
per-bin probability dynamic range (kT):     0
per-segment minimum non-zero probability:   0.02
per-segment maximum non-zero probability:   0.02
per-segment probability dynamic range (kT): 0
norm = 1, error in norm = 0 (0*epsilon)
Waiting for segments to complete...
Iteration completed successfully
Iteration wallclock: 0:00:00.047945, cputime: 0:00:00


Wed Sep  6 10:31:49 2023
Iteration 17 (50 requested)
Beginning iteration 17
50 segments remain in iteration 17 (50 total)
1 of 1 (100.000000%) active bins are populated
per-bin minimum non-zero probability:       1
per-bin maximum probability:                1
per-bin probability dynamic range (kT):     0
per-segment minimum non-zero probability:   0.02
per-segment maximum non-zero probability:   0.02
per-segment probability dynamic range (kT): 0
norm = 1, error in norm = 0 (0*epsilon)
Waiting for segments to complete...
Iteration completed successfully
Iteration wallclock: 0:00:00.047791, cputime: 0:00:00


Wed Sep  6 10:31:49 2023
Iteration 18 (50 requested)
Beginning iteration 18
50 segments remain in iteration 18 (50 total)
1 of 1 (100.000000%) active bins are populated
per-bin minimum non-zero probability:       1
per-bin maximum probability:                1
per-bin probability dynamic range (kT):     0
per-segment minimum non-zero probability:   0.02
per-segment maximum non-zero probability:   0.02
per-segment probability dynamic range (kT): 0
norm = 1, error in norm = 0 (0*epsilon)
Waiting for segments to complete...
Iteration completed successfully
Iteration wallclock: 0:00:00.047970, cputime: 0:00:00


Wed Sep  6 10:31:50 2023
Iteration 19 (50 requested)
Beginning iteration 19
50 segments remain in iteration 19 (50 total)
1 of 1 (100.000000%) active bins are populated
per-bin minimum non-zero probability:       1
per-bin maximum probability:                1
per-bin probability dynamic range (kT):     0
per-segment minimum non-zero probability:   0.02
per-segment maximum non-zero probability:   0.02
per-segment probability dynamic range (kT): 0
norm = 1, error in norm = 0 (0*epsilon)
Waiting for segments to complete...
Iteration completed successfully
Iteration wallclock: 0:00:00.048263, cputime: 0:00:00


Wed Sep  6 10:31:50 2023
Iteration 20 (50 requested)
Beginning iteration 20
50 segments remain in iteration 20 (50 total)
1 of 1 (100.000000%) active bins are populated
per-bin minimum non-zero probability:       1
per-bin maximum probability:                1
per-bin probability dynamic range (kT):     0
per-segment minimum non-zero probability:   0.02
per-segment maximum non-zero probability:   0.02
per-segment probability dynamic range (kT): 0
norm = 1, error in norm = 0 (0*epsilon)
Waiting for segments to complete...
Iteration completed successfully
Iteration wallclock: 0:00:00.047913, cputime: 0:00:00


Wed Sep  6 10:31:50 2023
Iteration 21 (50 requested)
Beginning iteration 21
50 segments remain in iteration 21 (50 total)
1 of 1 (100.000000%) active bins are populated
per-bin minimum non-zero probability:       1
per-bin maximum probability:                1
per-bin probability dynamic range (kT):     0
per-segment minimum non-zero probability:   0.02
per-segment maximum non-zero probability:   0.02
per-segment probability dynamic range (kT): 0
norm = 1, error in norm = 0 (0*epsilon)
Waiting for segments to complete...
Iteration completed successfully
Iteration wallclock: 0:00:00.048034, cputime: 0:00:00


Wed Sep  6 10:31:50 2023
Iteration 22 (50 requested)
Beginning iteration 22
50 segments remain in iteration 22 (50 total)
1 of 1 (100.000000%) active bins are populated
per-bin minimum non-zero probability:       1
per-bin maximum probability:                1
per-bin probability dynamic range (kT):     0
per-segment minimum non-zero probability:   0.02
per-segment maximum non-zero probability:   0.02
per-segment probability dynamic range (kT): 0
norm = 1, error in norm = 0 (0*epsilon)
Waiting for segments to complete...
Iteration completed successfully
Iteration wallclock: 0:00:00.047856, cputime: 0:00:00


Wed Sep  6 10:31:50 2023
Iteration 23 (50 requested)
Beginning iteration 23
50 segments remain in iteration 23 (50 total)
1 of 1 (100.000000%) active bins are populated
per-bin minimum non-zero probability:       1
per-bin maximum probability:                1
per-bin probability dynamic range (kT):     0
per-segment minimum non-zero probability:   0.02
per-segment maximum non-zero probability:   0.02
per-segment probability dynamic range (kT): 0
norm = 1, error in norm = 0 (0*epsilon)
Waiting for segments to complete...
Iteration completed successfully
Iteration wallclock: 0:00:00.047802, cputime: 0:00:00


Wed Sep  6 10:31:50 2023
Iteration 24 (50 requested)
Beginning iteration 24
50 segments remain in iteration 24 (50 total)
1 of 1 (100.000000%) active bins are populated
per-bin minimum non-zero probability:       1
per-bin maximum probability:                1
per-bin probability dynamic range (kT):     0
per-segment minimum non-zero probability:   0.02
per-segment maximum non-zero probability:   0.02
per-segment probability dynamic range (kT): 0
norm = 1, error in norm = 0 (0*epsilon)
Waiting for segments to complete...
Iteration completed successfully
Iteration wallclock: 0:00:00.047833, cputime: 0:00:00


Wed Sep  6 10:31:50 2023
Iteration 25 (50 requested)
Beginning iteration 25
50 segments remain in iteration 25 (50 total)
1 of 1 (100.000000%) active bins are populated
per-bin minimum non-zero probability:       1
per-bin maximum probability:                1
per-bin probability dynamic range (kT):     0
per-segment minimum non-zero probability:   0.02
per-segment maximum non-zero probability:   0.02
per-segment probability dynamic range (kT): 0
norm = 1, error in norm = 0 (0*epsilon)
Waiting for segments to complete...
Iteration completed successfully
Iteration wallclock: 0:00:00.047935, cputime: 0:00:00


Wed Sep  6 10:31:50 2023
Iteration 26 (50 requested)
Beginning iteration 26
50 segments remain in iteration 26 (50 total)
1 of 1 (100.000000%) active bins are populated
per-bin minimum non-zero probability:       1
per-bin maximum probability:                1
per-bin probability dynamic range (kT):     0
per-segment minimum non-zero probability:   0.02
per-segment maximum non-zero probability:   0.02
per-segment probability dynamic range (kT): 0
norm = 1, error in norm = 0 (0*epsilon)
Waiting for segments to complete...
Iteration completed successfully
Iteration wallclock: 0:00:00.047897, cputime: 0:00:00


Wed Sep  6 10:31:50 2023
Iteration 27 (50 requested)
Beginning iteration 27
50 segments remain in iteration 27 (50 total)
1 of 1 (100.000000%) active bins are populated
per-bin minimum non-zero probability:       1
per-bin maximum probability:                1
per-bin probability dynamic range (kT):     0
per-segment minimum non-zero probability:   0.02
per-segment maximum non-zero probability:   0.02
per-segment probability dynamic range (kT): 0
norm = 1, error in norm = 0 (0*epsilon)
Waiting for segments to complete...
Iteration completed successfully
Iteration wallclock: 0:00:00.047872, cputime: 0:00:00


Wed Sep  6 10:31:50 2023
Iteration 28 (50 requested)
Beginning iteration 28
50 segments remain in iteration 28 (50 total)
1 of 1 (100.000000%) active bins are populated
per-bin minimum non-zero probability:       1
per-bin maximum probability:                1
per-bin probability dynamic range (kT):     0
per-segment minimum non-zero probability:   0.02
per-segment maximum non-zero probability:   0.02
per-segment probability dynamic range (kT): 0
norm = 1, error in norm = 0 (0*epsilon)
Waiting for segments to complete...
Iteration completed successfully
Iteration wallclock: 0:00:00.047864, cputime: 0:00:00


Wed Sep  6 10:31:50 2023
Iteration 29 (50 requested)
Beginning iteration 29
50 segments remain in iteration 29 (50 total)
1 of 1 (100.000000%) active bins are populated
per-bin minimum non-zero probability:       1
per-bin maximum probability:                1
per-bin probability dynamic range (kT):     0
per-segment minimum non-zero probability:   0.02
per-segment maximum non-zero probability:   0.02
per-segment probability dynamic range (kT): 0
norm = 1, error in norm = 0 (0*epsilon)
Waiting for segments to complete...
Iteration completed successfully
Iteration wallclock: 0:00:00.047766, cputime: 0:00:00


Wed Sep  6 10:31:50 2023
Iteration 30 (50 requested)
Beginning iteration 30
50 segments remain in iteration 30 (50 total)
1 of 1 (100.000000%) active bins are populated
per-bin minimum non-zero probability:       1
per-bin maximum probability:                1
per-bin probability dynamic range (kT):     0
per-segment minimum non-zero probability:   0.02
per-segment maximum non-zero probability:   0.02
per-segment probability dynamic range (kT): 0
norm = 1, error in norm = 0 (0*epsilon)
Waiting for segments to complete...
Iteration completed successfully
Iteration wallclock: 0:00:00.047815, cputime: 0:00:00


Wed Sep  6 10:31:50 2023
Iteration 31 (50 requested)
Beginning iteration 31
50 segments remain in iteration 31 (50 total)
1 of 1 (100.000000%) active bins are populated
per-bin minimum non-zero probability:       1
per-bin maximum probability:                1
per-bin probability dynamic range (kT):     0
per-segment minimum non-zero probability:   0.02
per-segment maximum non-zero probability:   0.02
per-segment probability dynamic range (kT): 0
norm = 1, error in norm = 0 (0*epsilon)
Waiting for segments to complete...
Iteration completed successfully
Iteration wallclock: 0:00:00.047872, cputime: 0:00:00


Wed Sep  6 10:31:50 2023
Iteration 32 (50 requested)
Beginning iteration 32
50 segments remain in iteration 32 (50 total)
1 of 1 (100.000000%) active bins are populated
per-bin minimum non-zero probability:       1
per-bin maximum probability:                1
per-bin probability dynamic range (kT):     0
per-segment minimum non-zero probability:   0.02
per-segment maximum non-zero probability:   0.02
per-segment probability dynamic range (kT): 0
norm = 1, error in norm = 0 (0*epsilon)
Waiting for segments to complete...
Iteration completed successfully
Iteration wallclock: 0:00:00.047779, cputime: 0:00:00


Wed Sep  6 10:31:50 2023
Iteration 33 (50 requested)
Beginning iteration 33
50 segments remain in iteration 33 (50 total)
1 of 1 (100.000000%) active bins are populated
per-bin minimum non-zero probability:       1
per-bin maximum probability:                1
per-bin probability dynamic range (kT):     0
per-segment minimum non-zero probability:   0.02
per-segment maximum non-zero probability:   0.02
per-segment probability dynamic range (kT): 0
norm = 1, error in norm = 0 (0*epsilon)
Waiting for segments to complete...
Iteration completed successfully
Iteration wallclock: 0:00:00.047714, cputime: 0:00:00


Wed Sep  6 10:31:50 2023
Iteration 34 (50 requested)
Beginning iteration 34
50 segments remain in iteration 34 (50 total)
1 of 1 (100.000000%) active bins are populated
per-bin minimum non-zero probability:       1
per-bin maximum probability:                1
per-bin probability dynamic range (kT):     0
per-segment minimum non-zero probability:   0.02
per-segment maximum non-zero probability:   0.02
per-segment probability dynamic range (kT): 0
norm = 1, error in norm = 0 (0*epsilon)
Waiting for segments to complete...
Iteration completed successfully
Iteration wallclock: 0:00:00.047840, cputime: 0:00:00


Wed Sep  6 10:31:50 2023
Iteration 35 (50 requested)
Beginning iteration 35
50 segments remain in iteration 35 (50 total)
1 of 1 (100.000000%) active bins are populated
per-bin minimum non-zero probability:       1
per-bin maximum probability:                1
per-bin probability dynamic range (kT):     0
per-segment minimum non-zero probability:   0.02
per-segment maximum non-zero probability:   0.02
per-segment probability dynamic range (kT): 0
norm = 1, error in norm = 0 (0*epsilon)
Waiting for segments to complete...
Iteration completed successfully
Iteration wallclock: 0:00:00.047861, cputime: 0:00:00


Wed Sep  6 10:31:50 2023
Iteration 36 (50 requested)
Beginning iteration 36
50 segments remain in iteration 36 (50 total)
1 of 1 (100.000000%) active bins are populated
per-bin minimum non-zero probability:       1
per-bin maximum probability:                1
per-bin probability dynamic range (kT):     0
per-segment minimum non-zero probability:   0.02
per-segment maximum non-zero probability:   0.02
per-segment probability dynamic range (kT): 0
norm = 1, error in norm = 0 (0*epsilon)
Waiting for segments to complete...
Iteration completed successfully
Iteration wallclock: 0:00:00.047845, cputime: 0:00:00


Wed Sep  6 10:31:50 2023
Iteration 37 (50 requested)
Beginning iteration 37
50 segments remain in iteration 37 (50 total)
1 of 1 (100.000000%) active bins are populated
per-bin minimum non-zero probability:       1
per-bin maximum probability:                1
per-bin probability dynamic range (kT):     0
per-segment minimum non-zero probability:   0.02
per-segment maximum non-zero probability:   0.02
per-segment probability dynamic range (kT): 0
norm = 1, error in norm = 0 (0*epsilon)
Waiting for segments to complete...
Iteration completed successfully
Iteration wallclock: 0:00:00.047924, cputime: 0:00:00


Wed Sep  6 10:31:50 2023
Iteration 38 (50 requested)
Beginning iteration 38
50 segments remain in iteration 38 (50 total)
1 of 1 (100.000000%) active bins are populated
per-bin minimum non-zero probability:       1
per-bin maximum probability:                1
per-bin probability dynamic range (kT):     0
per-segment minimum non-zero probability:   0.02
per-segment maximum non-zero probability:   0.02
per-segment probability dynamic range (kT): 0
norm = 1, error in norm = 0 (0*epsilon)
Waiting for segments to complete...
Iteration completed successfully
Iteration wallclock: 0:00:00.047784, cputime: 0:00:00


Wed Sep  6 10:31:50 2023
Iteration 39 (50 requested)
Beginning iteration 39
50 segments remain in iteration 39 (50 total)
1 of 1 (100.000000%) active bins are populated
per-bin minimum non-zero probability:       1
per-bin maximum probability:                1
per-bin probability dynamic range (kT):     0
per-segment minimum non-zero probability:   0.02
per-segment maximum non-zero probability:   0.02
per-segment probability dynamic range (kT): 0
norm = 1, error in norm = 0 (0*epsilon)
Waiting for segments to complete...
Iteration completed successfully
Iteration wallclock: 0:00:00.047874, cputime: 0:00:00


Wed Sep  6 10:31:51 2023
Iteration 40 (50 requested)
Beginning iteration 40
50 segments remain in iteration 40 (50 total)
1 of 1 (100.000000%) active bins are populated
per-bin minimum non-zero probability:       1
per-bin maximum probability:                1
per-bin probability dynamic range (kT):     0
per-segment minimum non-zero probability:   0.02
per-segment maximum non-zero probability:   0.02
per-segment probability dynamic range (kT): 0
norm = 1, error in norm = 0 (0*epsilon)
Waiting for segments to complete...
Iteration completed successfully
Iteration wallclock: 0:00:00.048178, cputime: 0:00:00


Wed Sep  6 10:31:51 2023
Iteration 41 (50 requested)
Beginning iteration 41
50 segments remain in iteration 41 (50 total)
1 of 1 (100.000000%) active bins are populated
per-bin minimum non-zero probability:       1
per-bin maximum probability:                1
per-bin probability dynamic range (kT):     0
per-segment minimum non-zero probability:   0.02
per-segment maximum non-zero probability:   0.02
per-segment probability dynamic range (kT): 0
norm = 1, error in norm = 0 (0*epsilon)
Waiting for segments to complete...
Iteration completed successfully
Iteration wallclock: 0:00:00.047823, cputime: 0:00:00


Wed Sep  6 10:31:51 2023
Iteration 42 (50 requested)
Beginning iteration 42
50 segments remain in iteration 42 (50 total)
1 of 1 (100.000000%) active bins are populated
per-bin minimum non-zero probability:       1
per-bin maximum probability:                1
per-bin probability dynamic range (kT):     0
per-segment minimum non-zero probability:   0.02
per-segment maximum non-zero probability:   0.02
per-segment probability dynamic range (kT): 0
norm = 1, error in norm = 0 (0*epsilon)
Waiting for segments to complete...
Iteration completed successfully
Iteration wallclock: 0:00:00.047923, cputime: 0:00:00


Wed Sep  6 10:31:51 2023
Iteration 43 (50 requested)
Beginning iteration 43
50 segments remain in iteration 43 (50 total)
1 of 1 (100.000000%) active bins are populated
per-bin minimum non-zero probability:       1
per-bin maximum probability:                1
per-bin probability dynamic range (kT):     0
per-segment minimum non-zero probability:   0.02
per-segment maximum non-zero probability:   0.02
per-segment probability dynamic range (kT): 0
norm = 1, error in norm = 0 (0*epsilon)
Waiting for segments to complete...
Iteration completed successfully
Iteration wallclock: 0:00:00.047907, cputime: 0:00:00


Wed Sep  6 10:31:51 2023
Iteration 44 (50 requested)
Beginning iteration 44
50 segments remain in iteration 44 (50 total)
1 of 1 (100.000000%) active bins are populated
per-bin minimum non-zero probability:       1
per-bin maximum probability:                1
per-bin probability dynamic range (kT):     0
per-segment minimum non-zero probability:   0.02
per-segment maximum non-zero probability:   0.02
per-segment probability dynamic range (kT): 0
norm = 1, error in norm = 0 (0*epsilon)
Waiting for segments to complete...
Iteration completed successfully
Iteration wallclock: 0:00:00.047856, cputime: 0:00:00


Wed Sep  6 10:31:51 2023
Iteration 45 (50 requested)
Beginning iteration 45
50 segments remain in iteration 45 (50 total)
1 of 1 (100.000000%) active bins are populated
per-bin minimum non-zero probability:       1
per-bin maximum probability:                1
per-bin probability dynamic range (kT):     0
per-segment minimum non-zero probability:   0.02
per-segment maximum non-zero probability:   0.02
per-segment probability dynamic range (kT): 0
norm = 1, error in norm = 0 (0*epsilon)
Waiting for segments to complete...
Iteration completed successfully
Iteration wallclock: 0:00:00.047828, cputime: 0:00:00


Wed Sep  6 10:31:51 2023
Iteration 46 (50 requested)
Beginning iteration 46
50 segments remain in iteration 46 (50 total)
1 of 1 (100.000000%) active bins are populated
per-bin minimum non-zero probability:       1
per-bin maximum probability:                1
per-bin probability dynamic range (kT):     0
per-segment minimum non-zero probability:   0.02
per-segment maximum non-zero probability:   0.02
per-segment probability dynamic range (kT): 0
norm = 1, error in norm = 0 (0*epsilon)
Waiting for segments to complete...
Iteration completed successfully
Iteration wallclock: 0:00:00.047725, cputime: 0:00:00


Wed Sep  6 10:31:51 2023
Iteration 47 (50 requested)
Beginning iteration 47
50 segments remain in iteration 47 (50 total)
1 of 1 (100.000000%) active bins are populated
per-bin minimum non-zero probability:       1
per-bin maximum probability:                1
per-bin probability dynamic range (kT):     0
per-segment minimum non-zero probability:   0.02
per-segment maximum non-zero probability:   0.02
per-segment probability dynamic range (kT): 0
norm = 1, error in norm = 0 (0*epsilon)
Waiting for segments to complete...
Iteration completed successfully
Iteration wallclock: 0:00:00.047885, cputime: 0:00:00


Wed Sep  6 10:31:51 2023
Iteration 48 (50 requested)
Beginning iteration 48
50 segments remain in iteration 48 (50 total)
1 of 1 (100.000000%) active bins are populated
per-bin minimum non-zero probability:       1
per-bin maximum probability:                1
per-bin probability dynamic range (kT):     0
per-segment minimum non-zero probability:   0.02
per-segment maximum non-zero probability:   0.02
per-segment probability dynamic range (kT): 0
norm = 1, error in norm = 0 (0*epsilon)
Waiting for segments to complete...
Iteration completed successfully
Iteration wallclock: 0:00:00.047800, cputime: 0:00:00


Wed Sep  6 10:31:51 2023
Iteration 49 (50 requested)
Beginning iteration 49
50 segments remain in iteration 49 (50 total)
1 of 1 (100.000000%) active bins are populated
per-bin minimum non-zero probability:       1
per-bin maximum probability:                1
per-bin probability dynamic range (kT):     0
per-segment minimum non-zero probability:   0.02
per-segment maximum non-zero probability:   0.02
per-segment probability dynamic range (kT): 0
norm = 1, error in norm = 0 (0*epsilon)
Waiting for segments to complete...
Iteration completed successfully
Iteration wallclock: 0:00:00.047902, cputime: 0:00:00


Wed Sep  6 10:31:51 2023
Iteration 50 (50 requested)
Beginning iteration 50
50 segments remain in iteration 50 (50 total)
1 of 1 (100.000000%) active bins are populated
per-bin minimum non-zero probability:       1
per-bin maximum probability:                1
per-bin probability dynamic range (kT):     0
per-segment minimum non-zero probability:   0.02
per-segment maximum non-zero probability:   0.02
per-segment probability dynamic range (kT): 0
norm = 1, error in norm = 0 (0*epsilon)
Waiting for segments to complete...
Iteration completed successfully
Iteration wallclock: 0:00:00.047809, cputime: 0:00:00


Wed Sep  6 10:31:51 2023
WEST run complete.
